<?xml version="1.0" encoding="utf-8" standalone="no"?>
<test-run id="2" testcasecount="1" result="Passed" total="1" passed="1" failed="0" inconclusive="0" skipped="0" asserts="0" engine-version="3.10.0.0" clr-version="4.0.30319.42000" start-time="2019-03-27 03:35:54Z" end-time="2019-03-27 03:35:58Z" duration="4.929733">
  <command-line><![CDATA["C:\Users\Seravy\Desktop\ChromeWebDriver73Hang\ChromeWebDriver73Hang\packages\NUnit.ConsoleRunner.3.10.0\tools\nunit3-console.exe"  "C:\Users\Seravy\Desktop\ChromeWebDriver73Hang\ChromeWebDriver73Hang\bin\Debug\WebDriverTest.dll" --work="C:\Users\Seravy\Desktop\ChromeWebDriver73Hang\ChromeWebDriver73Hang\." --result=WebTestResults.xml]]></command-line>
  <test-suite type="Assembly" id="0-1002" name="WebDriverTest.dll" fullname="WebDriverTest.dll" runstate="Runnable" testcasecount="1" result="Passed" start-time="2019-03-27 03:35:54Z" end-time="2019-03-27 03:35:58Z" duration="4.299226" total="1" passed="1" failed="0" warnings="0" inconclusive="0" skipped="0" asserts="0">
    <environment framework-version="3.11.0.0" clr-version="4.0.30319.42000" os-version="Microsoft Windows NT 10.0.17763.0" platform="Win32NT" cwd="C:\Users\Seravy\Desktop\ChromeWebDriver73Hang\ChromeWebDriver73Hang" machine-name="DESKTOP-SERAVY" user="Seravy" user-domain="DESKTOP-SERAVY" culture="en-AU" uiculture="en-US" os-architecture="x64" />
    <settings>
      <setting name="DisposeRunners" value="True" />
      <setting name="WorkDirectory" value="C:\Users\Seravy\Desktop\ChromeWebDriver73Hang\ChromeWebDriver73Hang\." />
      <setting name="ImageRuntimeVersion" value="4.0.30319" />
      <setting name="ImageTargetFrameworkName" value=".NETFramework,Version=v4.6.1" />
      <setting name="ImageRequiresX86" value="False" />
      <setting name="ImageRequiresDefaultAppDomainAssemblyResolver" value="False" />
      <setting name="NumberOfTestWorkers" value="4" />
    </settings>
    <properties>
      <property name="_PID" value="9872" />
      <property name="_APPDOMAIN" value="domain-" />
    </properties>
    <test-suite type="TestSuite" id="0-1003" name="WebDriverTest" fullname="WebDriverTest" runstate="Runnable" testcasecount="1" result="Passed" start-time="2019-03-27 03:35:54Z" end-time="2019-03-27 03:35:58Z" duration="4.281427" total="1" passed="1" failed="0" warnings="0" inconclusive="0" skipped="0" asserts="0">
      <test-suite type="TestFixture" id="0-1000" name="Tests" fullname="WebDriverTest.Tests" classname="WebDriverTest.Tests" runstate="Runnable" testcasecount="1" result="Passed" start-time="2019-03-27 03:35:54Z" end-time="2019-03-27 03:35:58Z" duration="4.277662" total="1" passed="1" failed="0" warnings="0" inconclusive="0" skipped="0" asserts="0">
        <test-case id="0-1001" name="RunTest" fullname="WebDriverTest.Tests.RunTest" methodname="RunTest" classname="WebDriverTest.Tests" runstate="Runnable" seed="1974905502" result="Passed" start-time="2019-03-27 03:35:54Z" end-time="2019-03-27 03:35:58Z" duration="4.267655" asserts="0" />
      </test-suite>
    </test-suite>
  </test-suite>
</test-run>